Determining if the pthread_create exist failed with the following output:
Change Dir: /home/vishnu/sensorfusion/lidar/SFND_Lidar_Obstacle_Detection/build/CMakeFiles/CMakeTmp

Run Build Command:"/usr/bin/make" "cmTC_fbbd7/fast"
/usr/bin/make -f CMakeFiles/cmTC_fbbd7.dir/build.make CMakeFiles/cmTC_fbbd7.dir/build
make[1]: Entering directory '/home/vishnu/sensorfusion/lidar/SFND_Lidar_Obstacle_Detection/build/CMakeFiles/CMakeTmp'
Building C object CMakeFiles/cmTC_fbbd7.dir/CheckSymbolExists.c.o
/usr/bin/cc    -o CMakeFiles/cmTC_fbbd7.dir/CheckSymbolExists.c.o   -c /home/vishnu/sensorfusion/lidar/SFND_Lidar_Obstacle_Detection/build/CMakeFiles/CMakeTmp/CheckSymbolExists.c
Linking C executable cmTC_fbbd7
/usr/bin/cmake -E cmake_link_script CMakeFiles/cmTC_fbbd7.dir/link.txt --verbose=1
/usr/bin/cc      -rdynamic CMakeFiles/cmTC_fbbd7.dir/CheckSymbolExists.c.o  -o cmTC_fbbd7 
CMakeFiles/cmTC_fbbd7.dir/CheckSymbolExists.c.o: In function `main':
CheckSymbolExists.c:(.text+0x1b): undefined reference to `pthread_create'
collect2: error: ld returned 1 exit status
CMakeFiles/cmTC_fbbd7.dir/build.make:97: recipe for target 'cmTC_fbbd7' failed
make[1]: *** [cmTC_fbbd7] Error 1
make[1]: Leaving directory '/home/vishnu/sensorfusion/lidar/SFND_Lidar_Obstacle_Detection/build/CMakeFiles/CMakeTmp'
Makefile:126: recipe for target 'cmTC_fbbd7/fast' failed
make: *** [cmTC_fbbd7/fast] Error 2

File /home/vishnu/sensorfusion/lidar/SFND_Lidar_Obstacle_Detection/build/CMakeFiles/CMakeTmp/CheckSymbolExists.c:
/* */
#include <pthread.h>

int main(int argc, char** argv)
{
  (void)argv;
#ifndef pthread_create
  return ((int*)(&pthread_create))[argc];
#else
  (void)argc;
  return 0;
#endif
}

Determining if the function pthread_create exists in the pthreads failed with the following output:
Change Dir: /home/vishnu/sensorfusion/lidar/SFND_Lidar_Obstacle_Detection/build/CMakeFiles/CMakeTmp

Run Build Command:"/usr/bin/make" "cmTC_1f8ee/fast"
/usr/bin/make -f CMakeFiles/cmTC_1f8ee.dir/build.make CMakeFiles/cmTC_1f8ee.dir/build
make[1]: Entering directory '/home/vishnu/sensorfusion/lidar/SFND_Lidar_Obstacle_Detection/build/CMakeFiles/CMakeTmp'
Building C object CMakeFiles/cmTC_1f8ee.dir/CheckFunctionExists.c.o
/usr/bin/cc   -DCHECK_FUNCTION_EXISTS=pthread_create   -o CMakeFiles/cmTC_1f8ee.dir/CheckFunctionExists.c.o   -c /usr/share/cmake-3.10/Modules/CheckFunctionExists.c
Linking C executable cmTC_1f8ee
/usr/bin/cmake -E cmake_link_script CMakeFiles/cmTC_1f8ee.dir/link.txt --verbose=1
/usr/bin/cc  -DCHECK_FUNCTION_EXISTS=pthread_create    -rdynamic CMakeFiles/cmTC_1f8ee.dir/CheckFunctionExists.c.o  -o cmTC_1f8ee -lpthreads 
/usr/bin/ld: cannot find -lpthreads
collect2: error: ld returned 1 exit status
CMakeFiles/cmTC_1f8ee.dir/build.make:97: recipe for target 'cmTC_1f8ee' failed
make[1]: *** [cmTC_1f8ee] Error 1
make[1]: Leaving directory '/home/vishnu/sensorfusion/lidar/SFND_Lidar_Obstacle_Detection/build/CMakeFiles/CMakeTmp'
Makefile:126: recipe for target 'cmTC_1f8ee/fast' failed
make: *** [cmTC_1f8ee/fast] Error 2


